<?xml version="1.0" encoding="UTF-8"?>
<testsuite xmlns:xsi="http://www.w3.org/2001/XMLSchema-instance" xsi:noNamespaceSchemaLocation="https://maven.apache.org/surefire/maven-surefire-plugin/xsd/surefire-test-report.xsd" name="ArrayUtilsTest" time="0.085" tests="17" errors="0" skipped="0" failures="0">
  <properties>
[...]
</properties>
  <testcase name="testStartIndexMiddleOccurrence" classname="ArrayUtilsTest" time="0.044"/>
  <testcase name="testSingleElementArrayValueNotExists" classname="ArrayUtilsTest" time="0"/>
  <testcase name="testSingleElementArrayValueExists" classname="ArrayUtilsTest" time="0.001"/>
  <testcase name="testLargeArrayPerformance" classname="ArrayUtilsTest" time="0"/>
  <testcase name="testValueFoundWithStartIndexZero" classname="ArrayUtilsTest" time="0.002"/>
  <testcase name="testStartIndexEqualToArrayLength" classname="ArrayUtilsTest" time="0.001"/>
  <testcase name="testEmptyArray" classname="ArrayUtilsTest" time="0.003"/>
  <testcase name="testValueNotFound" classname="ArrayUtilsTest" time="0.001"/>
  <testcase name="testValueFoundAtLastIndex" classname="ArrayUtilsTest" time="0.001"/>
  <testcase name="testArrayNull" classname="ArrayUtilsTest" time="0.001"/>
  <testcase name="testStartIndexNegative" classname="ArrayUtilsTest" time="0.001"/>
  <testcase name="testStartIndexOutOfBounds" classname="ArrayUtilsTest" time="0.001"/>
  <testcase name="testValueMultipleOccurrences" classname="ArrayUtilsTest" time="0.001"/>
  <testcase name="testValueFoundAtFirstIndex" classname="ArrayUtilsTest" time="0.002"/>
  <testcase name="testZeroValueInArray" classname="ArrayUtilsTest" time="0"/>
  <testcase name="testStartIndexEndsBeforeValueOccurs" classname="ArrayUtilsTest" time="0"/>
  <testcase name="testNegativeNumbersInArray" classname="ArrayUtilsTest" time="0.002"/>
</testsuite>